<?xml version="1.0" encoding="UTF-8"?>
<!-- Generated by org.testng.reporters.JUnitReportReporter -->
<testsuite hostname="LAPTOP-AQ262HKC" failures="0" tests="4" name="day1.HTTPRequest" time="5.215" errors="0" timestamp="2024-07-30T18:15:03 IST" skipped="0">
  <testcase classname="day1.HTTPRequest" name="getUser" time="3.427"/>
  <system-out/>
  <testcase classname="day1.HTTPRequest" name="createUser" time="0.871"/>
  <system-out/>
  <testcase classname="day1.HTTPRequest" name="updateUser" time="0.468"/>
  <system-out/>
  <testcase classname="day1.HTTPRequest" name="deleteUser" time="0.449"/>
  <system-out/>
</testsuite> <!-- day1.HTTPRequest -->
