<?xml version="1.0" encoding="UTF-8"?>
<!-- Generated by org.testng.reporters.JUnitReportReporter -->
<testsuite hostname="LAPTOP-AQ262HKC" failures="0" tests="1" name="day2.DiffWaysToCreatePostRequest" time="2.639" errors="0" timestamp="2024-07-31T12:12:24 IST" skipped="0">
  <testcase classname="day2.DiffWaysToCreatePostRequest" name="testPostUsingExternalJsonFile" time="2.639"/>
  <system-out/>
</testsuite> <!-- day2.DiffWaysToCreatePostRequest -->
